\BOOKMARK [1][-]{section.1}{Visualisation \046 Propri\351t\351 de la Transform\351e de Fourier}{}% 1
\BOOKMARK [2][-]{subsection.1.2}{Fonction de recentrage}{section.1}% 2
\BOOKMARK [2][-]{subsection.1.3}{Fonction logarithmique}{section.1}% 3
\BOOKMARK [2][-]{subsection.1.4}{Correspondance}{section.1}% 4
\BOOKMARK [3][-]{subsubsection.1.4.1}{\(a\)}{subsection.1.4}% 5
\BOOKMARK [3][-]{subsubsection.1.4.2}{\(b\)}{subsection.1.4}% 6
\BOOKMARK [3][-]{subsubsection.1.4.3}{\(c\)}{subsection.1.4}% 7
\BOOKMARK [3][-]{subsubsection.1.4.4}{En r\351sum\351}{subsection.1.4}% 8
\BOOKMARK [1][-]{section.2}{Manipulation d'harmoniques}{}% 9
\BOOKMARK [2][-]{subsection.2.1}{Application des filtres}{section.2}% 10
\BOOKMARK [3][-]{subsubsection.2.1.1}{Filtre carr\351}{subsection.2.1}% 11
\BOOKMARK [3][-]{subsubsection.2.1.2}{Filtre rond}{subsection.2.1}% 12
\BOOKMARK [3][-]{subsubsection.2.1.3}{Filtre c\364ne}{subsection.2.1}% 13
\BOOKMARK [3][-]{subsubsection.2.1.4}{Filtre horizontal}{subsection.2.1}% 14
\BOOKMARK [3][-]{subsubsection.2.1.5}{Filtre vertical}{subsection.2.1}% 15
\BOOKMARK [2][-]{subsection.2.2}{Isolation d'une fr\351quence}{section.2}% 16
\BOOKMARK [1][-]{section.3}{Fr\351quences Spatiales}{}% 17
\BOOKMARK [2][-]{subsection.3.1}{Monrstein}{section.3}% 18
\BOOKMARK [2][-]{subsection.3.2}{Marilyn Monroe}{section.3}% 19
\BOOKMARK [2][-]{subsection.3.3}{Albert Einstein}{section.3}% 20
