\BOOKMARK [1][-]{section.1}{Question 1}{}% 1
\BOOKMARK [2][-]{subsection.1.1}{Transformation}{section.1}% 2
\BOOKMARK [2][-]{subsection.1.2}{Fonction de r\351duction}{section.1}% 3
\BOOKMARK [3][-]{subsubsection.1.2.1}{"426830A G "526930B \0403-COL f\("426830A G "526930B \) = "426830A G' "526930B \0405-COL}{subsection.1.2}% 4
\BOOKMARK [3][-]{subsubsection.1.2.2}{"426830A G "526930B \0403-COL f\("426830A G "526930B \) = "426830A G' "526930B \0405-COL}{subsection.1.2}% 5
\BOOKMARK [1][-]{section.2}{Question 2}{}% 6
\BOOKMARK [2][-]{subsection.2.1}{Transformation}{section.2}% 7
\BOOKMARK [2][-]{subsection.2.2}{Fonction de r\351duction}{section.2}% 8
\BOOKMARK [3][-]{subsubsection.2.2.1}{"426830A C "526930B \040SAT-Cf\("426830A C "526930B \)="426830A C,Cf "526930B \040L}{subsection.2.2}% 9
\BOOKMARK [3][-]{subsubsection.2.2.2}{"426830A C "526930B \040SAT-Cf\("426830A C "526930B \)="426830A C,Cf "526930B \040L}{subsection.2.2}% 10
\BOOKMARK [1][-]{section.3}{Question 3}{}% 11
\BOOKMARK [2][-]{subsection.3.1}{Marche \340 suivre}{section.3}% 12
\BOOKMARK [3][-]{subsubsection.3.1.1}{Trim-1}{subsection.3.1}% 13
\BOOKMARK [3][-]{subsubsection.3.1.2}{Trim-2+}{subsection.3.1}% 14
\BOOKMARK [3][-]{subsubsection.3.1.3}{Remarques}{subsection.3.1}% 15
\BOOKMARK [1][-]{section.4}{Question 4}{}% 16
\BOOKMARK [1][-]{section.5}{Annexe}{}% 17
\BOOKMARK [2][-]{subsection.5.1}{Fonction de r\351duction}{section.5}% 18
\BOOKMARK [2][-]{subsection.5.2}{\311quivalence}{section.5}% 19
\BOOKMARK [3][-]{subsubsection.5.2.1}{G 5-COL O 3-COL \040et \040N 3-COL}{subsection.5.2}% 20
\BOOKMARK [3][-]{subsubsection.5.2.2}{G 5-COL O 3-COL \040et \040N 3-COL}{subsection.5.2}% 21
\BOOKMARK [2][-]{subsection.5.3}{Conclusion}{section.5}% 22
\BOOKMARK [2][-]{subsection.5.4}{Exemple}{section.5}% 23
